<?xml version="1.0" encoding="UTF-8"?>
<!-- Generated by org.testng.reporters.JUnitReportReporter -->
<testsuite hostname="DESKTOP-AC0RVQ1" name="myauto.HomepageTest" tests="5" failures="0" timestamp="12 Feb 2020 06:50:57 GMT" time="6.675" errors="0">
  <testcase name="verifywomenTagclick" time="5.345" classname="myauto.HomepageTest"/>
  <testcase name="verifyTshirtsTab" time="1.104" classname="myauto.HomepageTest"/>
  <testcase name="verifydressesTagclick" time="0.001" classname="myauto.HomepageTest"/>
  <testcase name="verifydressesTag" time="0.101" classname="myauto.HomepageTest"/>
  <testcase name="verifywomenTag" time="0.124" classname="myauto.HomepageTest"/>
</testsuite> <!-- myauto.HomepageTest -->
